[16:54:19] [EnvServerSocketHandler/INFO]: [STDOUT]: Received from localhost:<MissionInit xmlns="http://ProjectMalmo.microsoft.com" xmlns:xsi="http://www.w3.org/2001/XMLSchema-instance" SchemaVersion="" PlatformVersion="0.37.0"><Mission><About><Summary>MineRLNavigateDense-v0</Summary></About><ModSettings><MsPerTick>50</MsPerTick></ModSettings><ServerSection><ServerInitialConditions><Time><StartTime>6000</StartTime><AllowPassageOfTime>false</AllowPassageOfTime></Time><Weather>clear</Weather><AllowSpawning>false</AllowSpawning></ServerInitialConditions><ServerHandlers><DefaultWorldGenerator forceReset="true" generatorOptions="{}"/><NavigationDecorator><randomPlacementProperties><maxRandomizedRadius>64</maxRandomizedRadius><minRandomizedRadius>64</minRandomizedRadius><maxRadius>8</maxRadius><minRadius>0</minRadius><block>diamond_block</block><placement>surface</placement></randomPlacementProperties><minRandomizedDistance>0</minRandomizedDistance><maxRandomizedDistance>8</maxRandomizedDistance><randomizeCompassLocation>true</randomizeCompassLocation></NavigationDecorator><ServerQuitFromTimeUp timeLimitMs="300000" description="out_of_time"/><ServerQuitWhenAnyAgentFinishes/></ServerHandlers></ServerSection><AgentSection mode="Survival"><Name>MineRLAgent0</Name><AgentStart><Inventory><InventoryObject slot="0" type="compass" metadata="0" quantity="1"/></Inventory></AgentStart><AgentHandlers><FileBasedPerformanceProducer/><ObservationFromDamage/><PauseCommand/><VideoProducer want_depth="false"><Width>64</Width><Height>64</Height></VideoProducer><ObservationFromCompass/><ObservationFromFullInventory flat="false"/><HumanLevelCommands/><CameraCommands/><PlaceCommands/><RewardForTouchingBlockType><Block reward="100.0" type="diamond_block" behaviour="onceOnly"/></RewardForTouchingBlockType><RewardForDistanceTraveledToCompassTarget rewardPerBlock="1.0" density="PER_TICK"/><AgentQuitFromTouchingBlockType><Block type="diamond_block"/></AgentQuitFromTouchingBlockType></AgentHandlers></AgentSection></Mission><ExperimentUID>d5a50097-8645-4064-88f0-87e166a398f6</ExperimentUID><ClientRole>0</ClientRole><ClientAgentConnection><ClientIPAddress>127.0.0.1</ClientIPAddress><ClientMissionControlPort>0</ClientMissionControlPort><ClientCommandsPort>0</ClientCommandsPort><AgentIPAddress>127.0.0.1</AgentIPAddress><AgentMissionControlPort>0</AgentMissionControlPort><AgentVideoPort>0</AgentVideoPort><AgentDepthPort>0</AgentDepthPort><AgentLuminancePort>0</AgentLuminancePort><AgentObservationsPort>0</AgentObservationsPort><AgentRewardsPort>0</AgentRewardsPort><AgentColourMapPort>0</AgentColourMapPort></ClientAgentConnection></MissionInit>
[16:54:20] [Realms Notification Availability checker #1/INFO]: Could not authorize you against Realms server: Invalid session id
[16:54:20] [EnvServerSocketHandler/INFO]: [STDOUT]: REPLYING WITH: MALMOOK
[16:54:20] [Client thread/INFO]: [STDOUT]: Mission received: MineRLNavigateDense-v0
[16:54:20] [Client thread/INFO]: [STDOUT]: CLIENT request state: CREATING_HANDLERS
[16:54:20] [Client thread/INFO]: [STDOUT]: CLIENT enter state: CREATING_HANDLERS
[16:54:20] [Client thread/INFO]: [STDOUT]: Starting command server.
[16:54:20] [Thread-15/INFO]: [STDOUT]: INFO: ->com(0) Listening for messages on port 10847
[16:54:20] [Client thread/INFO]: [STDOUT]: CLIENT request state: EVALUATING_WORLD_REQUIREMENTS
[16:54:20] [Client thread/INFO]: [STDOUT]: CLIENT enter state: EVALUATING_WORLD_REQUIREMENTS
[16:54:20] [Client thread/INFO]: [STDOUT]: CLIENT request state: CREATING_NEW_WORLD
[16:54:20] [Client thread/INFO]: [STDOUT]: CLIENT enter state: CREATING_NEW_WORLD
[16:54:20] [Client thread/INFO]: [STDOUT]: [LOGTOPY] GENERATOR OPTIONS = {}
[16:54:21] [Server thread/INFO]: Starting integrated minecraft server version 1.11.2
[16:54:21] [Server thread/INFO]: Generating keypair
[16:54:21] [Server thread/INFO]: Injecting existing block and item data into this server instance
[16:54:21] [Server thread/INFO]: Applying holder lookups
[16:54:21] [Server thread/INFO]: Holder lookups applied
[16:54:22] [Server thread/INFO]: Loading dimension 0 (TEMP_0_2a523440-c926-4cbd-b7d3-0e020aa99ea3) (net.minecraft.server.integrated.IntegratedServer@1140a959)
[16:54:22] [Server thread/INFO]: Loading dimension 1 (TEMP_0_2a523440-c926-4cbd-b7d3-0e020aa99ea3) (net.minecraft.server.integrated.IntegratedServer@1140a959)
[16:54:22] [Server thread/INFO]: Loading dimension -1 (TEMP_0_2a523440-c926-4cbd-b7d3-0e020aa99ea3) (net.minecraft.server.integrated.IntegratedServer@1140a959)
[16:54:22] [Server thread/INFO]: Preparing start region for level 0
[16:54:23] [Server thread/INFO]: Preparing spawn area: 8%
[16:54:24] [Server thread/INFO]: Preparing spawn area: 20%
[16:54:25] [Server thread/INFO]: Preparing spawn area: 33%
[16:54:26] [Server thread/INFO]: Preparing spawn area: 45%
[16:54:27] [Server thread/INFO]: Preparing spawn area: 59%
pure virtual method called
